2025-04-05 21:38:29,274 - INFO - 成功讀取檔案: C:/Users/李/Desktop/數據分析/importantcsv\import.csv
2025-04-05 21:38:29,277 - INFO - 成功提取刑期: 
2025-04-05 21:38:29,278 - WARNING - 無法從內容提取刑期: 13 上訴駁回。
2025-04-05 21:38:29,278 - INFO - 成功提取刑期: 11
2025-04-05 21:38:29,278 - INFO - 成功提取刑期: 50
2025-04-05 21:38:29,279 - INFO - 成功提取刑期: 10
2025-04-05 21:38:29,279 - INFO - 成功提取刑期: 6
2025-04-05 21:38:29,279 - INFO - 成功提取刑期: 1; 8
2025-04-05 21:38:29,279 - INFO - 成功提取刑期: 2; 6
2025-04-05 21:38:29,290 - WARNING - 無法從內容提取刑期: 11 吳孟洲之監護處分以保護管束代之，其期間為壹年。
2025-04-05 21:38:29,290 - WARNING - 無法從內容提取刑期: 12 抗告駁回。
2025-04-05 21:38:29,290 - INFO - 成功提取刑期: 1
2025-04-05 21:38:29,291 - INFO - 成功提取刑期: 6
2025-04-05 21:38:29,291 - INFO - 成功提取刑期: 7; 7
2025-04-05 21:38:29,291 - INFO - 成功提取刑期: 60
2025-04-05 21:38:29,291 - INFO - 成功提取刑期: 8
2025-04-05 21:38:29,291 - WARNING - 無法從內容提取刑期: 14 陸孝宗所犯如附表所示各罪所處之刑，應執行罰金新臺幣陸仟 元，如易服勞役，以新臺幣壹仟元折算壹日。
2025-04-05 21:38:29,292 - INFO - 成功提取刑期: 92
2025-04-05 21:38:29,292 - WARNING - 無法從內容提取刑期: 11 連宥宇犯如附表所示之罪，所處如附表所示之刑，應執行有期徒 刑伍月，如易科罰金，以新臺幣壹仟元折算壹日。
2025-04-05 21:38:29,293 - INFO - 成功提取刑期: 75
2025-04-05 21:38:29,293 - INFO - 成功提取刑期: 
2025-04-05 21:38:29,293 - WARNING - 無法從內容提取刑期: 10 邱詔偉因犯如附表所示之罪，所處如附表所示之刑，應執行有期 徒刑陸月，如易科罰金，以新臺幣壹仟元折算壹日。
2025-04-05 21:38:29,293 - INFO - 成功提取刑期: 1010
2025-04-05 21:38:29,294 - INFO - 成功提取刑期: 75
2025-04-05 21:38:29,294 - INFO - 成功提取刑期: 1; 10
2025-04-05 21:38:29,294 - WARNING - 無法從內容提取刑期: 13 上訴駁回。
2025-04-05 21:38:29,294 - WARNING - 無法從內容提取刑期: 12 潘哲鑫之緩刑宣告撤銷。
2025-04-05 21:38:29,294 - WARNING - 無法從內容提取刑期: 13 聲請駁回。
2025-04-05 21:38:29,294 - INFO - 成功提取刑期: 4; 6
2025-04-05 21:38:29,295 - INFO - 成功提取刑期: 10
2025-04-05 21:38:29,295 - INFO - 成功提取刑期: 1; 5
2025-04-05 21:38:29,295 - INFO - 成功提取刑期: 1; 6
2025-04-05 21:38:29,295 - WARNING - 無法從內容提取刑期: 10 廖哲賢所犯如附表所示之罪，所處如附表所示之刑，應執行有期 徒刑肆月，如易科罰金，以新臺幣壹仟元折算壹日。
2025-04-05 21:38:29,295 - WARNING - 無法從內容提取刑期: 13 臺灣新北地方法院112度存字第699號提存事件，聲請人所提存之 擔保金新臺幣77萬8,601元，准予返還。
2025-04-05 21:38:29,295 - INFO - 成功提取刑期: 
2025-04-05 21:38:29,295 - WARNING - 無法從內容提取刑期: 11 聲請駁回。
2025-04-05 21:38:29,295 - WARNING - 無法從內容提取刑期: 11 再審之聲請駁回。
2025-04-05 21:38:29,296 - WARNING - 無法從內容提取刑期: 11 陳政翔所犯如附表所示之罪，所處如附表所示之刑，應執行有期 徒刑參年捌月。
2025-04-05 21:38:29,296 - INFO - 成功提取刑期: 
2025-04-05 21:38:29,296 - INFO - 成功提取刑期: 3
2025-04-05 21:38:29,296 - INFO - 成功提取刑期: 1年; 6月
2025-04-05 21:38:29,296 - WARNING - 無法從內容提取刑期: 19 一、被告應連帶給付原告新臺幣5萬5,000元，及自民國113年8月 26日起至清償日止，按週年利率百分之5計算之利息。 二、原告其餘之訴駁回。 三、訴訟費用由被告負擔十分之一，餘由原告負擔。 四、本判決得假執行，但被告如以新臺幣5萬1,000元為原告預供 擔保，得免為假執行。 五、原告其餘假執行之聲請駁回。
2025-04-05 21:38:29,296 - INFO - 成功提取刑期: 6
2025-04-05 21:38:29,296 - INFO - 成功提取刑期: 5
2025-04-05 21:38:29,296 - INFO - 成功提取刑期: 
2025-04-05 21:38:29,296 - INFO - 成功提取刑期: 1; 6
2025-04-05 21:38:29,297 - INFO - 成功提取刑期: 5; 2
2025-04-05 21:38:29,297 - INFO - 成功提取刑期: 4; 6
2025-04-05 21:38:29,297 - INFO - 成功提取刑期: 2; 10
2025-04-05 21:38:29,297 - WARNING - 無法從內容提取刑期: 11 林鋐翔因詐欺等貳拾柒罪，分別處如附表所示之刑，應執行有期 徒刑陸年陸月。
2025-04-05 21:38:29,297 - WARNING - 無法從內容提取刑期: 13 上訴駁回。
2025-04-05 21:38:29,297 - INFO - 成功提取刑期: 1; 10
2025-04-05 21:38:29,298 - INFO - 成功提取刑期: 4
2025-04-05 21:38:29,298 - WARNING - 無法從內容提取刑期: 13 聲請駁回。
2025-04-05 21:38:29,299 - WARNING - 無法從內容提取刑期: 13 上訴駁回。
2025-04-05 21:38:29,299 - WARNING - 無法從內容提取刑期: 11 抗告駁回。
2025-04-05 21:38:29,300 - WARNING - 無法從內容提取刑期: 13 上訴駁回。
2025-04-05 21:38:29,300 - INFO - 成功提取刑期: 8
2025-04-05 21:38:29,300 - WARNING - 無法從內容提取刑期: 14 上訴駁回。
2025-04-05 21:38:29,300 - WARNING - 無法從內容提取刑期: 15 上訴駁回。 犯罪
2025-04-05 21:38:29,301 - INFO - 成功提取刑期: 1; 6
2025-04-05 21:38:29,301 - WARNING - 無法從內容提取刑期: 12 上訴駁回。
2025-04-05 21:38:29,301 - WARNING - 無法從內容提取刑期: 17 上訴駁回。
2025-04-05 21:38:29,301 - WARNING - 無法從內容提取刑期: 12 上訴駁回。
2025-04-05 21:38:29,301 - WARNING - 無法從內容提取刑期: 12 上訴駁回。
2025-04-05 21:38:29,301 - WARNING - 無法從內容提取刑期: 13 再審之聲請駁回。
2025-04-05 21:38:29,302 - INFO - 成功提取刑期: 4; 6
2025-04-05 21:38:29,302 - INFO - 成功提取刑期: 2; 10
2025-04-05 21:38:29,302 - WARNING - 無法從內容提取刑期: 11 林鋐翔因詐欺等貳拾柒罪，分別處如附表所示之刑，應執行有期 徒刑陸年陸月。
2025-04-05 21:38:29,302 - WARNING - 無法從內容提取刑期: 13 上訴駁回。
2025-04-05 21:38:29,302 - INFO - 成功提取刑期: 1; 10
2025-04-05 21:38:29,302 - INFO - 成功提取刑期: 4
2025-04-05 21:38:29,302 - WARNING - 無法從內容提取刑期: 13 聲請駁回。
2025-04-05 21:38:29,302 - WARNING - 無法從內容提取刑期: 13 上訴駁回。
2025-04-05 21:38:29,303 - WARNING - 無法從內容提取刑期: 11 抗告駁回。
2025-04-05 21:38:29,303 - WARNING - 無法從內容提取刑期: 13 上訴駁回。
2025-04-05 21:38:29,303 - INFO - 成功提取刑期: 8
2025-04-05 21:38:29,303 - WARNING - 無法從內容提取刑期: 10 潘科彣因犯如附表所示之罪，所處如附表所示之刑，應執行有期 徒刑捌月。
2025-04-05 21:38:29,303 - WARNING - 無法從內容提取刑期: 09 聲請駁回。
2025-04-05 21:38:29,303 - WARNING - 無法從內容提取刑期: 12 王瑞卿所犯如附表所示之罪，所處如附表所示之刑，應執行有期 徒刑肆年柒月，如易科罰金，以新臺幣壹仟元折算壹日。
2025-04-05 21:38:29,305 - WARNING - 無法從內容提取刑期: 12 陳愷翔所犯如附表所示之罪，所處如附表所示之刑，應執行有期 徒刑貳年柒月，併科罰金新臺幣肆萬參仟元，罰金如易服勞役， 以新臺幣壹仟元折算壹日。
2025-04-05 21:38:29,305 - INFO - 成功提取刑期: 4
2025-04-05 21:38:29,305 - WARNING - 無法從內容提取刑期: 11 蘇國樑無罪。
2025-04-05 21:38:29,305 - WARNING - 無法從內容提取刑期: 11 抗告駁回。
2025-04-05 21:38:29,305 - WARNING - 無法從內容提取刑期: 13 上訴駁回。
2025-04-05 21:38:29,306 - INFO - 成功提取刑期: 1; 4
2025-04-05 21:38:29,306 - WARNING - 無法從內容提取刑期: 13 被告應給付原告新臺幣45,760元，及其中新臺幣44,352元自民國 113年12月9日起至清償日止，按週年利率百分之15計算之利息。 訴訟費用新臺幣1,000元由被告負擔，並自本判決確定之翌日起 至清償日止，加給按週年利率百分之5計算之利息。 本判決得假執行。 中 華 民 國 114 年 3 月 21 日 新竹簡易庭 法 官 吳宗育 以上正本係照原本作成。 如對本判決上訴，非以其違背法令為
2025-04-05 21:38:29,306 - WARNING - 無法從內容提取刑期: 12 被告應給付原告新臺幣29,429元，及自民國113年12月12日起至 清償日止，按週年利率百分之5計算之利息。 訴訟費用新臺幣1,000元由被告負擔，並自本判決確定之翌日起 至清償日止，加給按週年利率百分之5計算之利息。 本判決得假執行。 中 華 民 國 114 年 3 月 21 日 新竹簡易庭 法 官 吳宗育 以上正本係照原本作成。 如對本判決上訴，非以其違背法令為
2025-04-05 21:38:29,306 - WARNING - 無法從內容提取刑期: 12 被告應給付原告新臺幣34,225元，及自民國113年11月21日起至 清償日止，按週年利率百分之5計算之利息。 訴訟費用新臺幣1,000元由被告負擔，並自本判決確定之翌日起 至清償日止，加給按週年利率百分之5計算之利息。 本判決得假執行。 中 華 民 國 114 年 3 月 21 日 新竹簡易庭 法 官 吳宗育 以上正本係照原本作成。 如不服本判決，應於送達後20日內，向本院提出上訴狀並應記載 上訴
2025-04-05 21:38:29,307 - WARNING - 無法從內容提取刑期: 14 被告應給付原告新臺幣17,301元，及其中新臺幣4,629元自民國1 13年12月6日起至清償日止，按週年利率百分之5計算之利息。 訴訟費用新臺幣1,000元由被告負擔，並自本判決確定之翌日起 至清償日止，加給按週年利率百分之5計算之利息。 本判決得假執行。 中 華 民 國 114 年 3 月 21 日 新竹簡易庭 法 官 吳宗育 以上正本係照原本作成。 如不服本判決，應於送達後20日內，向本院提出上訴狀並應記載 上訴
2025-04-05 21:38:29,307 - WARNING - 無法從內容提取刑期: 10 被告應給付原告新臺幣11,117元，及自民國113年4月20日起至清 償日止，按週年利率百分之5計算之利息。 本判決得假執行。 中 華 民 國 114 年 3 月 21 日 新竹簡易庭 法 官 吳宗育 以上正本係照原本作成。 如對本判決上訴，非以其違背法令為
2025-04-05 21:38:29,307 - INFO - 成功提取刑期: 10
2025-04-05 21:38:29,308 - WARNING - 無法從內容提取刑期: 10 聲請駁回。
2025-04-05 21:38:29,308 - WARNING - 無法從內容提取刑期: 11 本件免訴。
2025-04-05 21:38:29,308 - INFO - 成功提取刑期: 50
2025-04-05 21:38:29,308 - WARNING - 無法從內容提取刑期: 12 聲請駁回。
2025-04-05 21:38:29,308 - WARNING - 無法從內容提取刑期: 12 鄭宇辰犯如附表所示之罪，所處如附表所示之刑，應執行有期徒 刑捌月，如易科罰金，以新臺幣壹仟元折算壹日。
2025-04-05 21:38:29,308 - WARNING - 無法從內容提取刑期: 11 吳正德犯如附表所示之各罪，所處各如附表所載之刑，應執行有 期徒刑柒月，如易科罰金，以新臺幣壹仟元折算壹日。
2025-04-05 21:38:29,308 - WARNING - 無法從內容提取刑期: 11 陳子為犯竊盜罪，處罰金新臺幣捌仟元，如易服勞役，以新臺幣 壹仟元折算壹日。
2025-04-05 21:38:29,308 - WARNING - 無法從內容提取刑期: 12 聲請駁回。
2025-04-05 21:38:29,308 - INFO - 成功提取刑期: 3
2025-04-05 21:38:29,309 - INFO - 成功提取刑期: 8
2025-04-05 21:38:29,309 - WARNING - 無法從內容提取刑期: 10 被告應給付原告新臺幣6,600元，及自民國113年11月30日起至清 償日止，按週年利率百分之5計算之利息。 原告其餘之訴駁回。 本判決原告勝訴部分得假執行。 原告其餘假執行之聲請駁回。
2025-04-05 21:38:29,309 - INFO - 成功提取刑期: 3
2025-04-05 21:38:29,309 - WARNING - 無法從內容提取刑期: 11 甲○○假釋中付保護管束，並應於保護管束期間內遵守下列事 項：禁止對兒童及少年實施特定不法侵害之行為。
2025-04-05 21:38:29,309 - WARNING - 無法從內容提取刑期: 12 李思偉所犯如附表所示之罪，所處如附表所示之刑，應執行有期 徒刑參年陸月。
2025-04-05 21:38:29,309 - WARNING - 無法從內容提取刑期: 12 潘昭勝所犯如附表所示之罪，所處如附表所示之刑，應執行有期 徒刑柒月。
2025-04-05 21:38:29,309 - INFO - 成功提取刑期: 40日
2025-04-05 21:38:29,309 - WARNING - 無法從內容提取刑期: 10 戴志翰於本院一一三年度金簡上字第二六號刑事判決之緩刑宣告 撤銷。
2025-04-05 21:38:29,310 - WARNING - 無法從內容提取刑期: 10 戴志翰於本院一一三年度金簡上字第二六號刑事判決之緩刑宣告 撤銷。
2025-04-05 21:38:29,310 - WARNING - 無法從內容提取刑期: 08 被告應給付原告新臺幣5,991元，及自民國114年1月21日起至清 償日止，按週年利率百分5計算之利息。 原告其餘之訴駁回。 訴訟費用新臺幣1,000元由被告負擔新臺幣483元，及自本判決確 定之翌日起至清償日止，加給按週年利率百分之5計算之利息； 餘由原告負擔。 本判決原告勝訴部分得假執行。 原告其餘假執行之聲請駁回。
2025-04-05 21:38:29,311 - INFO - 成功提取刑期: 4
2025-04-05 21:38:29,311 - WARNING - 無法從內容提取刑期: 14 聲請駁回。
2025-04-05 21:38:29,311 - INFO - 成功提取刑期: 7
2025-04-05 21:38:29,311 - INFO - 成功提取刑期: 5
2025-04-05 21:38:29,311 - INFO - 成功提取刑期: 3
2025-04-05 21:38:29,312 - WARNING - 無法從內容提取刑期: 14 原判決之原本及其正本與所引用之附件（臺灣新北地方檢察署檢 察官112年度偵字第78188號聲請簡易判決處刑書）關於「DINH V AN TUAN」之記載均應更正為「甲○○ ○ ○○ 」，並更 正其年籍資料為如本裁定「被告」欄所載。
2025-04-05 21:38:29,312 - INFO - 成功提取刑期: 2
2025-04-05 21:38:29,312 - WARNING - 無法從內容提取刑期: 10 被告應給付原告新臺幣壹拾伍萬元。 訴訟費用由被告負擔。 本判決得假執行；但被告如以新臺幣壹拾伍萬元為原告預供擔 保，得免為假執行。
2025-04-05 21:38:29,312 - WARNING - 無法從內容提取刑期: 11 劉竹彥犯如附表所示之罪，各處如附表所示之刑，應執行有期徒 刑壹年肆月，併科罰金新臺幣玖萬伍仟元，罰金如易服勞役，以 新臺幣壹仟元折算壹日。 ; 罪 名，處罪 名; 犯 罪 日 期，處犯 罪 日 期
2025-04-05 21:38:29,312 - WARNING - 無法從內容提取刑期: 12 上訴駁回。
2025-04-05 21:38:29,313 - WARNING - 無法從內容提取刑期: 16 上訴駁回。 陳昱壬、鄭銘峻均緩刑2年，緩刑期間付保護管束，並均應於本 判決確定之日起1年內向公庫支付新臺幣1萬元，及於緩刑期間內 遠離陳薇安位於屏東縣○○鄉○○路00號住所至少300公尺。
2025-04-05 21:38:29,313 - INFO - 成功提取刑期: 1; 2
2025-04-05 21:38:29,313 - WARNING - 無法從內容提取刑期: 12 聲明異議駁回。
2025-04-05 21:38:29,314 - WARNING - 無法從內容提取刑期: 12 上訴駁回。
2025-04-05 21:38:29,314 - INFO - 成功提取刑期: 1年
2025-04-05 21:38:29,314 - INFO - 成功提取刑期: 1; 2
2025-04-05 21:38:29,314 - INFO - 成功提取刑期: 
2025-04-05 21:38:29,315 - INFO - 成功提取刑期: 
2025-04-05 21:38:29,315 - INFO - 成功提取刑期: 
2025-04-05 21:38:29,315 - INFO - 成功提取刑期: 1; 3
2025-04-05 21:38:29,315 - WARNING - 無法從內容提取刑期: 10 吳美玲無罪。
2025-04-05 21:38:29,315 - INFO - 成功提取刑期: 
2025-04-05 21:38:29,315 - WARNING - 無法從內容提取刑期: 15 聲請駁回。
2025-04-05 21:38:29,316 - WARNING - 無法從內容提取刑期: 13 李振宏幫助犯洗錢防制法第十九條第一項後段之洗錢罪，處有期 徒刑捌月，併科罰金新臺幣陸萬元，罰金如易服勞役，以新臺幣 壹仟元折算壹日。
2025-04-05 21:38:29,316 - WARNING - 無法從內容提取刑期: 13 上訴駁回。
2025-04-05 21:38:29,316 - INFO - 成功提取刑期: 
2025-04-05 21:38:29,316 - WARNING - 無法從內容提取刑期: 12 陳睿傑因犯如附表所示之罪，所處如附表所示之刑，併科罰金部 分，應執行罰金新臺幣貳拾萬元，如易服勞役，以新臺幣壹仟元 折算壹日。
2025-04-05 21:38:29,316 - WARNING - 無法從內容提取刑期: 無
2025-04-05 21:38:29,316 - WARNING - 無法從內容提取刑期: 08 聲請人應於本裁定送達後14日內，具狀補正聲請人委任郭Ｏ炎為 其非訟代理人之委任狀，並陳報郭Ｏ炎與聲請人間之關係，委任 狀如係於大陸地區作成者，應經財團法人海峽交流基金會驗證， 並提出認證正本，如逾期未補正，即駁回其聲請。
2025-04-05 21:38:29,318 - INFO - 成功提取刑期: 
2025-04-05 21:38:29,318 - WARNING - 無法從內容提取刑期: 10 黃尹亭犯侵占遺失物罪，處罰金新臺幣壹萬元，如易服勞役，以 新臺幣壹仟元折算壹日。未扣案之黑色皮夾壹只(內有國民身分 證壹枚、全民健康保險卡參枚、郵政金融卡壹枚、人民幣貳仟柒 佰元、新臺幣陸仟伍佰元、印章壹枚、耳環壹只、項鍊壹條)均 沒收，於全部或一部不能沒收或不宜執行沒收時，追徵其價額。 犯 罪
2025-04-05 21:38:29,318 - INFO - 成功提取刑期: 30
2025-04-05 21:38:29,319 - WARNING - 無法從內容提取刑期: 15 聲請駁回。
2025-04-05 21:38:29,319 - WARNING - 無法從內容提取刑期: 16 翁以爵犯三人以上共同以網際網路對公眾散布詐欺取財罪，處有 期徒刑壹年。 未扣案如附表編號1至2所示之物均沒收，於全部或一部不能沒收 或不宜執行沒收時，追徵其價額；另案扣案如附表編號3所示之 手機、已繳交如附表編號4所示之犯罪所得新臺幣貳仟元均沒 收。
2025-04-05 21:38:29,319 - WARNING - 無法從內容提取刑期: 13 上訴駁回。
2025-04-05 21:38:29,319 - WARNING - 無法從內容提取刑期: 13 上訴駁回。
2025-04-05 21:38:29,319 - WARNING - 無法從內容提取刑期: 13 上訴駁回。
2025-04-05 21:38:29,319 - INFO - 成功提取刑期: 10; 10
2025-04-05 21:38:29,320 - INFO - 成功提取刑期: 19
2025-04-05 21:38:29,320 - INFO - 成功提取刑期: 8
2025-04-05 21:38:29,320 - WARNING - 無法從內容提取刑期: 09 抗告駁回。
2025-04-05 21:38:29,320 - WARNING - 無法從內容提取刑期: 13 上訴駁回。
2025-04-05 21:38:29,321 - WARNING - 無法從內容提取刑期: 13 原判決關於其附表編號1之洗錢財物新臺幣壹佰萬元宣告沒收（ 追徵）部分撤銷。
2025-04-05 21:38:29,322 - WARNING - 無法從內容提取刑期: 11 蕭銘進提出新臺幣陸拾萬元之保證金後，准予停止羈押，暨限制 住居在嘉義市○區○○○街00號，及自停止羈押之日起限制出 境、出海捌月。
2025-04-05 21:38:29,323 - INFO - 成功提取刑期: 
2025-04-05 21:38:29,323 - WARNING - 無法從內容提取刑期: 14 上訴駁回。
2025-04-05 21:38:29,323 - WARNING - 無法從內容提取刑期: 09 抗告駁回。
2025-04-05 21:38:29,323 - WARNING - 無法從內容提取刑期: 13 上訴駁回。
2025-04-05 21:38:29,323 - WARNING - 無法從內容提取刑期: 08 上訴駁回。 第二審、發回前第三審訴訟費用及參加訴訟費用由上訴人全宏齒 輪工業股份有限公司、鉦鑫實業有限公司、明興工業社即黃貴明 各負擔10％，餘由上訴人鄭却、林鎮洲、林香均、林念慈、林芷 安、林慧琴、林慧如、林慧娟連帶負擔。
2025-04-05 21:38:29,323 - WARNING - 無法從內容提取刑期: 02 變更之訴駁回。 變更之訴訴訟費用由上訴人負擔。
2025-04-05 21:38:29,324 - WARNING - 無法從內容提取刑期: 14 上訴駁回。
2025-04-05 21:38:29,324 - INFO - 成功提取刑期: 7
2025-04-05 21:38:29,324 - INFO - 成功提取刑期: 35
2025-04-05 21:38:29,324 - INFO - 成功提取刑期: 70日
2025-04-05 21:38:29,324 - WARNING - 無法從內容提取刑期: 無
2025-04-05 21:38:29,324 - WARNING - 無法從內容提取刑期: 12 高曼甄因犯如附表所載之罪，所處如附表所載之刑，應執行有期 徒刑伍月。
2025-04-05 21:38:29,324 - INFO - 成功提取刑期: 2
2025-04-05 21:38:29,324 - INFO - 成功提取刑期: 25
2025-04-05 21:38:29,324 - WARNING - 無法從內容提取刑期: 13 扣案之IPHONE 15 PRO手機壹支(含門號0000000000號SIM卡壹張) 發還與吳建霆。
2025-04-05 21:38:29,324 - WARNING - 無法從內容提取刑期: 10 聲請駁回。
2025-04-05 21:38:29,324 - WARNING - 無法從內容提取刑期: 15 吳建寰繳納之保證金新臺幣參萬元及實收利息併沒入之。
2025-04-05 21:38:29,324 - WARNING - 無法從內容提取刑期: 10 聲請駁回。
2025-04-05 21:38:29,326 - INFO - 成功提取刑期: 1; 7
2025-04-05 21:38:29,326 - INFO - 成功提取刑期: 1; 4
2025-04-05 21:38:29,326 - INFO - 成功提取刑期: 35
2025-04-05 21:38:29,326 - INFO - 成功提取刑期: 1; 1
2025-04-05 21:38:29,326 - INFO - 成功提取刑期: 9
2025-04-05 21:38:29,326 - INFO - 成功提取刑期: 1020
2025-04-05 21:38:29,326 - INFO - 成功提取刑期: 9
2025-04-05 21:38:29,326 - INFO - 成功提取刑期: 40日
2025-04-05 21:38:29,327 - INFO - 成功提取刑期: 1; 9
2025-04-05 21:38:29,327 - INFO - 成功提取刑期: 6
2025-04-05 21:38:29,327 - INFO - 成功提取刑期: 
2025-04-05 21:38:29,327 - INFO - 成功提取刑期: 8
2025-04-05 21:38:29,327 - INFO - 成功提取刑期: 35
2025-04-05 21:38:29,327 - INFO - 成功提取刑期: 75
2025-04-05 21:38:29,327 - INFO - 成功提取刑期: 7
2025-04-05 21:38:29,327 - WARNING - 無法從內容提取刑期: 11 郭慶築因犯如附表所示之罪刑，應執行罰金新臺幣肆萬貳仟元， 如易服勞役，以新臺幣壹仟元折算壹日。
2025-04-05 21:38:29,327 - INFO - 成功提取刑期: 50
2025-04-05 21:38:29,327 - INFO - 成功提取刑期: 2
2025-04-05 21:38:29,327 - WARNING - 無法從內容提取刑期: 11 扣案海洛因1包，沒收銷燬之。 其餘聲請均駁回。
2025-04-05 21:38:29,327 - INFO - 成功提取刑期: 2月
2025-04-05 21:38:29,327 - INFO - 成功提取刑期: 40
2025-04-05 21:38:29,328 - WARNING - 無法從內容提取刑期: 14 上訴駁回。
2025-04-05 21:38:29,328 - WARNING - 無法從內容提取刑期: 11 林念輝犯如附表所示之罪，所處如附表所示之刑，應執行有期徒 刑拾壹月，如易科罰金，以新臺幣壹仟元折算壹日。
2025-04-05 21:38:29,328 - INFO - 成功提取刑期: 25
2025-04-05 21:38:29,328 - INFO - 成功提取刑期: 3
2025-04-05 21:38:29,328 - INFO - 成功提取刑期: 3
2025-04-05 21:38:29,328 - WARNING - 無法從內容提取刑期: 12 一、被告應給付原告新臺幣290,000元，及自民國113年9月13日 起至清償日止，按年息百分之5計算之利息。 二、本判決於原告以新臺幣29,000元為被告供擔保後，得假執 行。
2025-04-05 21:38:29,328 - WARNING - 無法從內容提取刑期: 09 一、被告應給付原告新臺幣1,400,000元，及自民國112年5月26 日起至清償日止，按年息百分之5計算之利息。 二、本判決於原告以新臺幣467,000元為被告供擔保，得假執 行。但被告如以新臺幣1,400,000元為原告預供擔保，得免 為假執行。
2025-04-05 21:38:29,328 - WARNING - 無法從內容提取刑期: 12 柯博仁所犯如附表所示各罪，所處如附表所示之刑，應執行有期 徒刑1年4月。
2025-04-05 21:38:29,328 - INFO - 成功提取刑期: 2年; 4月
2025-04-05 21:38:29,328 - INFO - 成功提取刑期: 45
2025-04-05 21:38:29,328 - INFO - 成功提取刑期: 30日
2025-04-05 21:38:29,328 - WARNING - 無法從內容提取刑期: 12 聲請駁回。
2025-04-05 21:38:29,328 - INFO - 成功提取刑期: 4
2025-04-05 21:38:29,330 - INFO - 成功提取刑期: 3月
2025-04-05 21:38:29,330 - INFO - 成功提取刑期: 6
2025-04-05 21:38:29,330 - INFO - 成功提取刑期: 6
2025-04-05 21:38:29,330 - WARNING - 無法從內容提取刑期: 13 鄭大慶所犯如附表所示之罪，所處如附表所示之刑，應執行有期 徒刑拾壹月。
2025-04-05 21:38:29,330 - INFO - 成功提取刑期: 2
2025-04-05 21:38:29,330 - INFO - 成功提取刑期: 2月
2025-04-05 21:38:29,330 - INFO - 成功提取刑期: 5
2025-04-05 21:38:29,331 - WARNING - 無法從內容提取刑期: 14 聲請駁回。
2025-04-05 21:38:29,331 - INFO - 成功提取刑期: 
2025-04-05 21:38:29,331 - WARNING - 無法從內容提取刑期: 12 上訴駁回。
2025-04-05 21:38:29,332 - WARNING - 無法從內容提取刑期: 12 上訴駁回。
2025-04-05 21:38:29,332 - INFO - 成功提取刑期: 1
2025-04-05 21:38:29,333 - WARNING - 無法從內容提取刑期: 10 被告應給付原告新臺幣32萬元，及自民國113年5月25日起至清償 日止，按年息百分之5計算之利息。 訴訟費用由被告負擔。 本判決得假執行。但被告如以新臺幣32萬元為原告預供擔保，得 免為假執行。
2025-04-05 21:38:29,333 - WARNING - 無法從內容提取刑期: 14 郭俊巖幫助犯修正前洗錢防制法第十四條第一項之洗錢罪，處有 期徒刑貳月，併科罰金新臺幣壹仟元，罰金如易服勞役，以新臺 幣壹仟元折算壹日。緩刑貳年，應於判決確定後向公庫支付新臺 幣伍萬元。 犯罪
2025-04-05 21:38:29,334 - INFO - 成功提取刑期: 1; 6
2025-04-05 21:38:29,334 - INFO - 成功提取刑期: 3
2025-04-05 21:38:29,334 - WARNING - 無法從內容提取刑期: 12 原判決除確定部分外廢棄。 上開廢棄部分，被上訴人在第一審之訴及假執行之聲請均駁回。 第一、二審訴訟費用由被上訴人負擔。
2025-04-05 21:38:29,334 - INFO - 成功提取刑期: 40
2025-04-05 21:38:29,334 - WARNING - 無法從內容提取刑期: 14 被告應給付原告阿迪達斯公司新臺幣伍萬柒仟陸佰元，及自民國 一百一十二年十二月五日起至清償日止，按週年利率百分之五計 算之利息。 原告其餘之訴駁回。 本判決原告勝訴部分得假執行。但被告如以新臺幣伍萬柒仟陸佰 元為原告阿迪達斯公司預供擔保後，得免為假執行。 原告其餘假執行之聲請駁回。
2025-04-05 21:38:29,334 - INFO - 成功提取刑期: 3
2025-04-05 21:38:29,334 - INFO - 成功提取刑期: 3
2025-04-05 21:38:29,334 - WARNING - 無法從內容提取刑期: 17 一、被告應給付原告宋興文新臺幣3,316,811元、張豐蕉新臺幣 3,941,898元，及均自民國113年6月1日起至清償日止，按週 年利率5%計算之利息。 二、原告其餘之訴駁回。 三、訴訟費用由被告負擔44%，原告宋興文負擔28%、原告張豐蕉 負擔28%。 四、本判決原告勝訴部分於原告宋興文以新臺幣331,000元為被 告供擔保後，得假執行；原告張豐蕉以新臺幣394,000元為 被告供擔保後，得假執行。但被告如以新臺幣3,316,811元 為原告宋興文預供擔保、以新臺幣3,941,898元為原告張豐 蕉預供擔保，得免為假執行。 五、原告其餘假執行之聲請駁回。 29
2025-04-05 21:38:29,335 - INFO - 成功提取刑期: 
2025-04-05 21:38:29,335 - INFO - 成功提取刑期: 1; 9
2025-04-05 21:38:29,335 - WARNING - 無法從內容提取刑期: 11 原告之訴及假執行之聲請均駁回。 訴訟費用由原告負擔。
2025-04-05 21:38:29,335 - INFO - 成功提取刑期: 3
2025-04-05 21:38:29,335 - WARNING - 無法從內容提取刑期: 20 原判決關於駁回上訴人丁○○後開第二項之訴部分，及訴訟費用 之裁判均廢棄。 被上訴人應連帶給付上訴人丁○○新臺幣壹拾貳萬參仟參佰肆拾 柒元，及自民國一百一十二年五月三十日起至清償日止，按週年 利率百分之五計算之利息。 上訴人其餘上訴駁回。 第一、二審訴訟費用，由被上訴人連帶負擔五分之二，上訴人丙 ○○負擔十分之一，餘由上訴人丁○○負擔。
2025-04-05 21:38:29,336 - INFO - 成功提取刑期: 3
2025-04-05 21:38:29,336 - WARNING - 無法從內容提取刑期: 10 一、被告應給付原告新臺幣5萬元，及自民國113年7月7日起至清 償日止，按年息5％計算之利息。 二、原告其餘之訴及假執行之聲請均駁回。 三、訴訟費用由被告負擔百分之5，餘由原告負擔。 四、主文第一項得假執行。但被告如以新臺幣5萬元為原告預供 擔保，得免為假執行。
2025-04-05 21:38:29,336 - INFO - 成功提取刑期: 2
2025-04-05 21:38:29,336 - INFO - 成功提取刑期: 1; 3
2025-04-05 21:38:29,336 - INFO - 成功提取刑期: 1
2025-04-05 21:38:29,336 - WARNING - 無法從內容提取刑期: 14 上訴駁回。
2025-04-05 21:38:29,337 - INFO - 成功提取刑期: 1; 7
2025-04-05 21:38:29,337 - WARNING - 無法從內容提取刑期: 12 原裁定撤銷，發回臺灣臺南地方法院。
2025-04-05 21:38:29,337 - WARNING - 無法從內容提取刑期: 12 上訴駁回。 犯罪
2025-04-05 21:38:29,337 - WARNING - 無法從內容提取刑期: 10 被告應給付原告新臺幣玖拾參萬元，及自民國一百一十三年三月 二十二日起至清償日止，按年息百分之五計算之利息。 訴訟費用由被告負擔。
2025-04-05 21:38:29,337 - INFO - 成功提取刑期: 7
2025-04-05 21:38:29,337 - WARNING - 無法從內容提取刑期: 10 被告應給付原告新臺幣20萬元，及自民國113年5月22日起至清償 日止，按週年利率5％計算之利息。 訴訟費用由被告負擔。
2025-04-05 21:38:29,337 - WARNING - 無法從內容提取刑期: 13 抗告駁回。
2025-04-05 21:38:29,338 - WARNING - 無法從內容提取刑期: 13 上訴駁回。
2025-04-05 21:38:29,338 - WARNING - 無法從內容提取刑期: 13 上訴駁回。
2025-04-05 21:38:29,343 - INFO - 處理完成，結果已儲存至 C:/Users/李/Desktop/數據分析/outputarea/Tovector.csv
2025-04-05 21:41:21,387 - INFO - 成功讀取檔案: C:/Users/李/Desktop/數據分析/importantcsv\import.csv
2025-04-05 21:41:21,395 - INFO - 處理完成，結果已儲存至 C:/Users/李/Desktop/數據分析/outputarea/Tovector.csv
